  [4;36;1mSQL (0.5ms)[0m   [0;1m SELECT name
 FROM sqlite_master
 WHERE type = 'table' AND NOT name = 'sqlite_sequence'
[0m
  [4;35;1mSQL (0.6ms)[0m   [0mselect sqlite_version(*)[0m
  [4;36;1mSQL (6.5ms)[0m   [0;1mCREATE TABLE "schema_migrations" ("version" varchar(255) NOT NULL) [0m
  [4;35;1mSQL (3.4ms)[0m   [0mCREATE UNIQUE INDEX "unique_schema_migrations" ON "schema_migrations" ("version")[0m
  [4;36;1mSQL (0.2ms)[0m   [0;1m SELECT name
 FROM sqlite_master
 WHERE type = 'table' AND NOT name = 'sqlite_sequence'
[0m
  [4;35;1mSQL (0.1ms)[0m   [0mSELECT version FROM schema_migrations[0m
Migrating to CreateUsers (20081215123700)
  [4;36;1mSQL (0.3ms)[0m   [0;1m SELECT name
 FROM sqlite_master
 WHERE type = 'table' AND NOT name = 'sqlite_sequence'
[0m
  [4;35;1mSQL (4.9ms)[0m   [0mCREATE TABLE "users" ("id" INTEGER PRIMARY KEY AUTOINCREMENT NOT NULL, "login" varchar(40), "name" varchar(100) DEFAULT '', "email" varchar(100), "crypted_password" varchar(40), "salt" varchar(40), "created_at" datetime, "updated_at" datetime, "remember_token" varchar(40), "remember_token_expires_at" datetime) [0m
  [4;36;1mSQL (4.3ms)[0m   [0;1mCREATE UNIQUE INDEX "index_users_on_login" ON "users" ("login")[0m
  [4;35;1mSQL (3.4ms)[0m   [0mINSERT INTO schema_migrations (version) VALUES ('20081215123700')[0m
  [4;36;1mSQL (0.3ms)[0m   [0;1m SELECT name
 FROM sqlite_master
 WHERE type = 'table' AND NOT name = 'sqlite_sequence'
[0m
  [4;35;1mSQL (0.2ms)[0m   [0mSELECT version FROM schema_migrations[0m
  [4;36;1mSQL (0.2ms)[0m   [0;1m SELECT name
 FROM sqlite_master
 WHERE type = 'table' AND NOT name = 'sqlite_sequence'
[0m
  [4;35;1mSQL (0.2ms)[0m   [0mPRAGMA index_list("users")[0m
  [4;36;1mSQL (0.2ms)[0m   [0;1mPRAGMA index_info('index_users_on_login')[0m


Processing Rails::InfoController#properties (for 127.0.0.1 at 2008-12-15 22:35:51) [GET]
  [4;36;1mSQL (1.6ms)[0m   [0;1m SELECT name
 FROM sqlite_master
 WHERE type = 'table' AND NOT name = 'sqlite_sequence'
[0m
  [4;35;1mSQL (0.3ms)[0m   [0mSELECT version FROM schema_migrations[0m
Completed in 132ms (View: 2, DB: 2) | 200 OK [http://localhost/rails/info/properties]


Processing Rails::InfoController#properties (for 127.0.0.1 at 2008-12-15 22:36:26) [GET]


Processing Rails::InfoController#properties (for 127.0.0.1 at 2008-12-15 22:36:26) [GET]


MissingSourceFile (no such file to load -- sqlite3):
    /usr/local/lib/ruby/site_ruby/1.8/rubygems/custom_require.rb:31:in `gem_original_require'
    /usr/local/lib/ruby/site_ruby/1.8/rubygems/custom_require.rb:31:in `require'
    /home/nari/.gem/ruby/1.8/gems/activesupport-2.2.2/lib/active_support/dependencies.rb:153:in `require'
    /home/nari/.gem/ruby/1.8/gems/activesupport-2.2.2/lib/active_support/dependencies.rb:521:in `new_constants_in'
    /home/nari/.gem/ruby/1.8/gems/activesupport-2.2.2/lib/active_support/dependencies.rb:153:in `require'
    /home/nari/.gem/ruby/1.8/gems/activesupport-2.2.2/lib/active_support/core_ext/kernel/requires.rb:7:in `require_library_or_gem'
    /home/nari/.gem/ruby/1.8/gems/activesupport-2.2.2/lib/active_support/core_ext/kernel/reporting.rb:11:in `silence_warnings'
    /home/nari/.gem/ruby/1.8/gems/activesupport-2.2.2/lib/active_support/core_ext/kernel/requires.rb:5:in `require_library_or_gem'
    /home/nari/.gem/ruby/1.8/gems/activerecord-2.2.2/lib/active_record/connection_adapters/sqlite3_adapter.rb:10:in `sqlite3_connection'
    /home/nari/.gem/ruby/1.8/gems/activerecord-2.2.2/lib/active_record/connection_adapters/abstract/connection_pool.rb:223:in `send'
    /home/nari/.gem/ruby/1.8/gems/activerecord-2.2.2/lib/active_record/connection_adapters/abstract/connection_pool.rb:223:in `new_connection'
    /home/nari/.gem/ruby/1.8/gems/activerecord-2.2.2/lib/active_record/connection_adapters/abstract/connection_pool.rb:245:in `checkout_new_connection'
    /home/nari/.gem/ruby/1.8/gems/activerecord-2.2.2/lib/active_record/connection_adapters/abstract/connection_pool.rb:188:in `checkout'
    /home/nari/.gem/ruby/1.8/gems/activerecord-2.2.2/lib/active_record/connection_adapters/abstract/connection_pool.rb:184:in `loop'
    /home/nari/.gem/ruby/1.8/gems/activerecord-2.2.2/lib/active_record/connection_adapters/abstract/connection_pool.rb:184:in `checkout'
    /usr/local/lib/ruby/1.8/monitor.rb:242:in `synchronize'
    /home/nari/.gem/ruby/1.8/gems/activerecord-2.2.2/lib/active_record/connection_adapters/abstract/connection_pool.rb:183:in `checkout'
    /home/nari/.gem/ruby/1.8/gems/activerecord-2.2.2/lib/active_record/connection_adapters/abstract/connection_pool.rb:98:in `connection'
    /home/nari/.gem/ruby/1.8/gems/activerecord-2.2.2/lib/active_record/connection_adapters/abstract/connection_pool.rb:326:in `retrieve_connection'
    /home/nari/.gem/ruby/1.8/gems/activerecord-2.2.2/lib/active_record/connection_adapters/abstract/connection_specification.rb:121:in `retrieve_connection'
    /home/nari/.gem/ruby/1.8/gems/activerecord-2.2.2/lib/active_record/connection_adapters/abstract/connection_specification.rb:113:in `connection'
    /home/nari/.gem/ruby/1.8/gems/activerecord-2.2.2/lib/active_record/query_cache.rb:8:in `cache'
    /usr/local/lib/ruby/gems/1.8/gems/actionpack-2.2.2/lib/action_controller/caching/sql_cache.rb:12:in `perform_action'
    /usr/local/lib/ruby/gems/1.8/gems/actionpack-2.2.2/lib/action_controller/base.rb:524:in `send'
    /usr/local/lib/ruby/gems/1.8/gems/actionpack-2.2.2/lib/action_controller/base.rb:524:in `process_without_filters'
    /usr/local/lib/ruby/gems/1.8/gems/actionpack-2.2.2/lib/action_controller/filters.rb:606:in `process_without_session_management_support'
    /usr/local/lib/ruby/gems/1.8/gems/actionpack-2.2.2/lib/action_controller/session_management.rb:134:in `process'
    /usr/local/lib/ruby/gems/1.8/gems/actionpack-2.2.2/lib/action_controller/base.rb:392:in `process'
    /usr/local/lib/ruby/gems/1.8/gems/actionpack-2.2.2/lib/action_controller/dispatcher.rb:183:in `handle_request'
    /usr/local/lib/ruby/gems/1.8/gems/actionpack-2.2.2/lib/action_controller/dispatcher.rb:110:in `dispatch_unlocked'
    /usr/local/lib/ruby/gems/1.8/gems/actionpack-2.2.2/lib/action_controller/dispatcher.rb:123:in `dispatch'
    /usr/local/lib/ruby/gems/1.8/gems/actionpack-2.2.2/lib/action_controller/dispatcher.rb:122:in `synchronize'
    /usr/local/lib/ruby/gems/1.8/gems/actionpack-2.2.2/lib/action_controller/dispatcher.rb:122:in `dispatch'
    /usr/local/lib/ruby/gems/1.8/gems/actionpack-2.2.2/lib/action_controller/dispatcher.rb:132:in `dispatch_cgi'
    /usr/local/lib/ruby/gems/1.8/gems/actionpack-2.2.2/lib/action_controller/dispatcher.rb:39:in `dispatch'
    /usr/local/lib/ruby/gems/1.8/gems/rails-2.2.2/lib/webrick_server.rb:103:in `handle_dispatch'
    /usr/local/lib/ruby/gems/1.8/gems/rails-2.2.2/lib/webrick_server.rb:74:in `service'
    /usr/local/lib/ruby/1.8/webrick/httpserver.rb:104:in `service'
    /usr/local/lib/ruby/1.8/webrick/httpserver.rb:65:in `run'
    /usr/local/lib/ruby/1.8/webrick/server.rb:173:in `start_thread'
    /usr/local/lib/ruby/1.8/webrick/server.rb:162:in `start'
    /usr/local/lib/ruby/1.8/webrick/server.rb:162:in `start_thread'
    /usr/local/lib/ruby/1.8/webrick/server.rb:95:in `start'
    /usr/local/lib/ruby/1.8/webrick/server.rb:92:in `each'
    /usr/local/lib/ruby/1.8/webrick/server.rb:92:in `start'
    /usr/local/lib/ruby/1.8/webrick/server.rb:23:in `start'
    /usr/local/lib/ruby/1.8/webrick/server.rb:82:in `start'
    /usr/local/lib/ruby/gems/1.8/gems/rails-2.2.2/lib/webrick_server.rb:60:in `dispatch'
    /usr/local/lib/ruby/gems/1.8/gems/rails-2.2.2/lib/commands/servers/webrick.rb:66
    /usr/local/lib/ruby/site_ruby/1.8/rubygems/custom_require.rb:31:in `gem_original_require'
    /usr/local/lib/ruby/site_ruby/1.8/rubygems/custom_require.rb:31:in `require'
    /home/nari/.gem/ruby/1.8/gems/activesupport-2.2.2/lib/active_support/dependencies.rb:153:in `require'
    /home/nari/.gem/ruby/1.8/gems/activesupport-2.2.2/lib/active_support/dependencies.rb:521:in `new_constants_in'
    /home/nari/.gem/ruby/1.8/gems/activesupport-2.2.2/lib/active_support/dependencies.rb:153:in `require'
    /usr/local/lib/ruby/gems/1.8/gems/rails-2.2.2/lib/commands/server.rb:49
    /usr/local/lib/ruby/site_ruby/1.8/rubygems/custom_require.rb:31:in `gem_original_require'
    /usr/local/lib/ruby/site_ruby/1.8/rubygems/custom_require.rb:31:in `require'
    script/server:3

Rendered /usr/local/lib/ruby/gems/1.8/gems/actionpack-2.2.2/lib/action_controller/templates/rescues/_trace (26.7ms)
Rendered /usr/local/lib/ruby/gems/1.8/gems/actionpack-2.2.2/lib/action_controller/templates/rescues/_request_and_response (0.7ms)
Rendering /usr/local/lib/ruby/gems/1.8/gems/actionpack-2.2.2/lib/action_controller/templates/rescues/layout.erb (internal_server_error)


Processing Rails::InfoController#properties (for 127.0.0.1 at 2008-12-15 22:41:11) [GET]
  [4;36;1mSQL (0.8ms)[0m   [0;1m SELECT name
 FROM sqlite_master
 WHERE type = 'table' AND NOT name = 'sqlite_sequence'
[0m
  [4;35;1mSQL (0.1ms)[0m   [0mSELECT version FROM schema_migrations[0m
Completed in 14ms (View: 1, DB: 1) | 200 OK [http://localhost/rails/info/properties]


Processing SessionsController#new (for 127.0.0.1 at 2008-12-15 22:42:44) [GET]
Rendering sessions/new
Completed in 4ms (View: 2, DB: 0) | 200 OK [http://localhost/login]


Processing UsersController#new (for 127.0.0.1 at 2008-12-15 22:42:55) [GET]
Rendering users/new
Completed in 16ms (View: 7, DB: 0) | 200 OK [http://localhost/signup]
  [4;36;1mSQL (0.8ms)[0m   [0;1m SELECT name
 FROM sqlite_master
 WHERE type = 'table' AND NOT name = 'sqlite_sequence'
[0m
  [4;35;1mSQL (0.3ms)[0m   [0mSELECT version FROM schema_migrations[0m
Migrating to CreateUsers (20081215123700)
Migrating to CreateReminders (20081217130159)
  [4;36;1mSQL (0.2ms)[0m   [0;1mselect sqlite_version(*)[0m
  [4;35;1mSQL (12.9ms)[0m   [0mCREATE TABLE "reminders" ("id" INTEGER PRIMARY KEY AUTOINCREMENT NOT NULL, "user_id" integer, "schedule_id" integer, "title" varchar(255), "body" text, "public" boolean, "leared" boolean, "created_at" datetime, "updated_at" datetime) [0m
  [4;36;1mSQL (3.2ms)[0m   [0;1mINSERT INTO schema_migrations (version) VALUES ('20081217130159')[0m
Migrating to ActsAsTaggableMigration (20081217130552)
  [4;35;1mSQL (3.8ms)[0m   [0mCREATE TABLE "tags" ("id" INTEGER PRIMARY KEY AUTOINCREMENT NOT NULL, "name" varchar(255)) [0m
  [4;36;1mSQL (5.0ms)[0m   [0;1mCREATE TABLE "taggings" ("id" INTEGER PRIMARY KEY AUTOINCREMENT NOT NULL, "tag_id" integer, "taggable_id" integer, "taggable_type" varchar(255), "created_at" datetime) [0m
  [4;35;1mSQL (4.1ms)[0m   [0mCREATE INDEX "index_taggings_on_tag_id" ON "taggings" ("tag_id")[0m
  [4;36;1mSQL (4.9ms)[0m   [0;1mCREATE INDEX "index_taggings_on_taggable_id_and_taggable_type" ON "taggings" ("taggable_id", "taggable_type")[0m
  [4;35;1mSQL (3.0ms)[0m   [0mINSERT INTO schema_migrations (version) VALUES ('20081217130552')[0m
Migrating to CreateSchedules (20081217131456)
  [4;36;1mSQL (5.2ms)[0m   [0;1mCREATE TABLE "schedules" ("id" INTEGER PRIMARY KEY AUTOINCREMENT NOT NULL, "level" integer, "span" integer, "created_at" datetime, "updated_at" datetime) [0m
  [4;35;1mSQL (3.0ms)[0m   [0mINSERT INTO schema_migrations (version) VALUES ('20081217131456')[0m
  [4;36;1mSQL (0.6ms)[0m   [0;1m SELECT name
 FROM sqlite_master
 WHERE type = 'table' AND NOT name = 'sqlite_sequence'
[0m
  [4;35;1mSQL (0.4ms)[0m   [0mSELECT version FROM schema_migrations[0m
  [4;36;1mSQL (0.4ms)[0m   [0;1m SELECT name
 FROM sqlite_master
 WHERE type = 'table' AND NOT name = 'sqlite_sequence'
[0m
  [4;35;1mSQL (0.1ms)[0m   [0mPRAGMA index_list("reminders")[0m
  [4;36;1mSQL (0.1ms)[0m   [0;1mPRAGMA index_list("schedules")[0m
  [4;35;1mSQL (0.3ms)[0m   [0mPRAGMA index_list("taggings")[0m
  [4;36;1mSQL (0.2ms)[0m   [0;1mPRAGMA index_info('index_taggings_on_taggable_id_and_taggable_type')[0m
  [4;35;1mSQL (0.2ms)[0m   [0mPRAGMA index_info('index_taggings_on_tag_id')[0m
  [4;36;1mSQL (0.1ms)[0m   [0;1mPRAGMA index_list("tags")[0m
  [4;35;1mSQL (0.3ms)[0m   [0mPRAGMA index_list("users")[0m
  [4;36;1mSQL (0.2ms)[0m   [0;1mPRAGMA index_info('index_users_on_login')[0m
  [4;36;1mSQL (1.2ms)[0m   [0;1m SELECT name
 FROM sqlite_master
 WHERE type = 'table' AND NOT name = 'sqlite_sequence'
[0m
  [4;35;1mSQL (0.3ms)[0m   [0mSELECT version FROM schema_migrations[0m
  [4;36;1mSQL (0.3ms)[0m   [0;1mPRAGMA index_list("users")[0m
  [4;35;1mSQL (0.2ms)[0m   [0mPRAGMA index_info('index_users_on_login')[0m
  [4;36;1mSQL (0.1ms)[0m   [0;1mPRAGMA index_list("reminders")[0m
  [4;35;1mSQL (0.1ms)[0m   [0mPRAGMA index_list("schedules")[0m


Processing ApplicationController#index (for 127.0.0.1 at 2008-12-17 22:24:28) [GET]


ActionController::RoutingError (No route matches "/user" with {:method=>:get}):
    /usr/local/lib/ruby/gems/1.8/gems/actionpack-2.2.2/lib/action_controller/routing/recognition_optimisation.rb:66:in `recognize_path'
    /usr/local/lib/ruby/gems/1.8/gems/actionpack-2.2.2/lib/action_controller/routing/route_set.rb:386:in `recognize'
    /usr/local/lib/ruby/gems/1.8/gems/actionpack-2.2.2/lib/action_controller/dispatcher.rb:182:in `handle_request'
    /usr/local/lib/ruby/gems/1.8/gems/actionpack-2.2.2/lib/action_controller/dispatcher.rb:110:in `dispatch_unlocked'
    /usr/local/lib/ruby/gems/1.8/gems/actionpack-2.2.2/lib/action_controller/dispatcher.rb:123:in `dispatch'
    /usr/local/lib/ruby/gems/1.8/gems/actionpack-2.2.2/lib/action_controller/dispatcher.rb:122:in `synchronize'
    /usr/local/lib/ruby/gems/1.8/gems/actionpack-2.2.2/lib/action_controller/dispatcher.rb:122:in `dispatch'
    /usr/local/lib/ruby/gems/1.8/gems/actionpack-2.2.2/lib/action_controller/dispatcher.rb:132:in `dispatch_cgi'
    /usr/local/lib/ruby/gems/1.8/gems/actionpack-2.2.2/lib/action_controller/dispatcher.rb:39:in `dispatch'
    /usr/local/lib/ruby/gems/1.8/gems/rails-2.2.2/lib/webrick_server.rb:103:in `handle_dispatch'
    /usr/local/lib/ruby/gems/1.8/gems/rails-2.2.2/lib/webrick_server.rb:74:in `service'
    /usr/local/lib/ruby/1.8/webrick/httpserver.rb:104:in `service'
    /usr/local/lib/ruby/1.8/webrick/httpserver.rb:65:in `run'
    /usr/local/lib/ruby/1.8/webrick/server.rb:173:in `start_thread'
    /usr/local/lib/ruby/1.8/webrick/server.rb:162:in `start'
    /usr/local/lib/ruby/1.8/webrick/server.rb:162:in `start_thread'
    /usr/local/lib/ruby/1.8/webrick/server.rb:95:in `start'
    /usr/local/lib/ruby/1.8/webrick/server.rb:92:in `each'
    /usr/local/lib/ruby/1.8/webrick/server.rb:92:in `start'
    /usr/local/lib/ruby/1.8/webrick/server.rb:23:in `start'
    /usr/local/lib/ruby/1.8/webrick/server.rb:82:in `start'
    /usr/local/lib/ruby/gems/1.8/gems/rails-2.2.2/lib/webrick_server.rb:60:in `dispatch'
    /usr/local/lib/ruby/gems/1.8/gems/rails-2.2.2/lib/commands/servers/webrick.rb:66
    /usr/local/lib/ruby/site_ruby/1.8/rubygems/custom_require.rb:31:in `gem_original_require'
    /usr/local/lib/ruby/site_ruby/1.8/rubygems/custom_require.rb:31:in `require'
    /home/nari/.gem/ruby/1.8/gems/activesupport-2.2.2/lib/active_support/dependencies.rb:153:in `require'
    /home/nari/.gem/ruby/1.8/gems/activesupport-2.2.2/lib/active_support/dependencies.rb:521:in `new_constants_in'
    /home/nari/.gem/ruby/1.8/gems/activesupport-2.2.2/lib/active_support/dependencies.rb:153:in `require'
    /usr/local/lib/ruby/gems/1.8/gems/rails-2.2.2/lib/commands/server.rb:49
    /usr/local/lib/ruby/site_ruby/1.8/rubygems/custom_require.rb:31:in `gem_original_require'
    /usr/local/lib/ruby/site_ruby/1.8/rubygems/custom_require.rb:31:in `require'
    script/server:3

Rendering /usr/local/lib/ruby/gems/1.8/gems/actionpack-2.2.2/lib/action_controller/templates/rescues/layout.erb (not_found)


Processing ApplicationController#index (for 127.0.0.1 at 2008-12-17 22:24:37) [GET]


ActionController::RoutingError (No route matches "/reminder" with {:method=>:get}):
    /usr/local/lib/ruby/gems/1.8/gems/actionpack-2.2.2/lib/action_controller/routing/recognition_optimisation.rb:66:in `recognize_path'
    /usr/local/lib/ruby/gems/1.8/gems/actionpack-2.2.2/lib/action_controller/routing/route_set.rb:386:in `recognize'
    /usr/local/lib/ruby/gems/1.8/gems/actionpack-2.2.2/lib/action_controller/dispatcher.rb:182:in `handle_request'
    /usr/local/lib/ruby/gems/1.8/gems/actionpack-2.2.2/lib/action_controller/dispatcher.rb:110:in `dispatch_unlocked'
    /usr/local/lib/ruby/gems/1.8/gems/actionpack-2.2.2/lib/action_controller/dispatcher.rb:123:in `dispatch'
    /usr/local/lib/ruby/gems/1.8/gems/actionpack-2.2.2/lib/action_controller/dispatcher.rb:122:in `synchronize'
    /usr/local/lib/ruby/gems/1.8/gems/actionpack-2.2.2/lib/action_controller/dispatcher.rb:122:in `dispatch'
    /usr/local/lib/ruby/gems/1.8/gems/actionpack-2.2.2/lib/action_controller/dispatcher.rb:132:in `dispatch_cgi'
    /usr/local/lib/ruby/gems/1.8/gems/actionpack-2.2.2/lib/action_controller/dispatcher.rb:39:in `dispatch'
    /usr/local/lib/ruby/gems/1.8/gems/rails-2.2.2/lib/webrick_server.rb:103:in `handle_dispatch'
    /usr/local/lib/ruby/gems/1.8/gems/rails-2.2.2/lib/webrick_server.rb:74:in `service'
    /usr/local/lib/ruby/1.8/webrick/httpserver.rb:104:in `service'
    /usr/local/lib/ruby/1.8/webrick/httpserver.rb:65:in `run'
    /usr/local/lib/ruby/1.8/webrick/server.rb:173:in `start_thread'
    /usr/local/lib/ruby/1.8/webrick/server.rb:162:in `start'
    /usr/local/lib/ruby/1.8/webrick/server.rb:162:in `start_thread'
    /usr/local/lib/ruby/1.8/webrick/server.rb:95:in `start'
    /usr/local/lib/ruby/1.8/webrick/server.rb:92:in `each'
    /usr/local/lib/ruby/1.8/webrick/server.rb:92:in `start'
    /usr/local/lib/ruby/1.8/webrick/server.rb:23:in `start'
    /usr/local/lib/ruby/1.8/webrick/server.rb:82:in `start'
    /usr/local/lib/ruby/gems/1.8/gems/rails-2.2.2/lib/webrick_server.rb:60:in `dispatch'
    /usr/local/lib/ruby/gems/1.8/gems/rails-2.2.2/lib/commands/servers/webrick.rb:66
    /usr/local/lib/ruby/site_ruby/1.8/rubygems/custom_require.rb:31:in `gem_original_require'
    /usr/local/lib/ruby/site_ruby/1.8/rubygems/custom_require.rb:31:in `require'
    /home/nari/.gem/ruby/1.8/gems/activesupport-2.2.2/lib/active_support/dependencies.rb:153:in `require'
    /home/nari/.gem/ruby/1.8/gems/activesupport-2.2.2/lib/active_support/dependencies.rb:521:in `new_constants_in'
    /home/nari/.gem/ruby/1.8/gems/activesupport-2.2.2/lib/active_support/dependencies.rb:153:in `require'
    /usr/local/lib/ruby/gems/1.8/gems/rails-2.2.2/lib/commands/server.rb:49
    /usr/local/lib/ruby/site_ruby/1.8/rubygems/custom_require.rb:31:in `gem_original_require'
    /usr/local/lib/ruby/site_ruby/1.8/rubygems/custom_require.rb:31:in `require'
    script/server:3

Rendering /usr/local/lib/ruby/gems/1.8/gems/actionpack-2.2.2/lib/action_controller/templates/rescues/layout.erb (not_found)


Processing RemindersController#index (for 127.0.0.1 at 2008-12-17 22:25:02) [GET]
  [4;36;1mReminder Load (0.9ms)[0m   [0;1mSELECT * FROM "reminders" [0m
Rendering template within layouts/reminders
Rendering reminders/index
Completed in 116ms (View: 110, DB: 1) | 200 OK [http://localhost/reminders]


Processing RemindersController#new (for 127.0.0.1 at 2008-12-17 22:25:06) [GET]
Rendering template within layouts/reminders
Rendering reminders/new
Completed in 16ms (View: 10, DB: 0) | 200 OK [http://localhost/reminders/new]


Processing RemindersController#index (for 127.0.0.1 at 2008-12-17 22:25:11) [GET]
  [4;35;1mReminder Load (0.6ms)[0m   [0mSELECT * FROM "reminders" [0m
Rendering template within layouts/reminders
Rendering reminders/index
Completed in 15ms (View: 8, DB: 1) | 200 OK [http://localhost/reminders]


Processing RemindersController#index (for 127.0.0.1 at 2008-12-17 22:30:19) [GET]
  [4;36;1mReminder Load (0.9ms)[0m   [0;1mSELECT * FROM "reminders" [0m
Rendering template within layouts/reminders
Rendering reminders/index
Completed in 13ms (View: 7, DB: 1) | 200 OK [http://localhost/reminders]


Processing RemindersController#new (for 127.0.0.1 at 2008-12-17 22:30:21) [GET]
Rendering template within layouts/reminders
Rendering reminders/new
Completed in 18ms (View: 10, DB: 0) | 200 OK [http://localhost/reminders/new]


Processing RemindersController#index (for 127.0.0.1 at 2008-12-17 22:30:24) [GET]
  [4;35;1mReminder Load (0.6ms)[0m   [0mSELECT * FROM "reminders" [0m
Rendering template within layouts/reminders
Rendering reminders/index
Completed in 76ms (View: 9, DB: 1) | 200 OK [http://localhost/reminders]


Processing RemindersController#new (for 127.0.0.1 at 2008-12-17 22:30:29) [GET]
Rendering template within layouts/reminders
Rendering reminders/new
Completed in 17ms (View: 11, DB: 0) | 200 OK [http://localhost/reminders/new]


Processing RemindersController#create (for 127.0.0.1 at 2008-12-17 22:30:36) [POST]
  Parameters: {"commit"=>"Create", "authenticity_token"=>"ac34d334c5795670f7b150fad848a5c739d5e46b", "reminder"=>{"body"=>"Fuga", "title"=>"Hoge"}}
  [4;36;1mReminder Create (24.3ms)[0m   [0;1mINSERT INTO "reminders" ("created_at", "title", "body", "public", "updated_at", "schedule_id", "user_id", "leared") VALUES('2008-12-17 13:30:36', 'Hoge', 'Fuga', NULL, '2008-12-17 13:30:36', NULL, NULL, NULL)[0m
Redirected to #<Reminder:0xb7207be8>
Completed in 47ms (DB: 24) | 302 Found [http://localhost/reminders]


Processing RemindersController#show (for 127.0.0.1 at 2008-12-17 22:30:36) [GET]
  Parameters: {"id"=>"1"}
  [4;35;1mReminder Load (0.3ms)[0m   [0mSELECT * FROM "reminders" WHERE ("reminders"."id" = 1) [0m
Rendering template within layouts/reminders
Rendering reminders/show
Completed in 15ms (View: 8, DB: 0) | 200 OK [http://localhost/reminders/1]


Processing RemindersController#index (for 127.0.0.1 at 2008-12-17 22:30:39) [GET]
  [4;36;1mReminder Load (0.7ms)[0m   [0;1mSELECT * FROM "reminders" [0m
Rendering template within layouts/reminders
Rendering reminders/index
Completed in 16ms (View: 10, DB: 1) | 200 OK [http://localhost/reminders]
DEPRECATION WARNING: using %d in messages is deprecated; use {{count}} instead.. (called from interpolate at /home/nari/.gem/ruby/1.8/gems/activerecord-2.2.2/lib/active_record/i18n_interpolation_deprecation.rb:17)
DEPRECATION WARNING: using %d in messages is deprecated; use {{count}} instead.. (called from interpolate at /home/nari/.gem/ruby/1.8/gems/activerecord-2.2.2/lib/active_record/i18n_interpolation_deprecation.rb:17)
DEPRECATION WARNING: using %d in messages is deprecated; use {{count}} instead.. (called from interpolate at /home/nari/.gem/ruby/1.8/gems/activerecord-2.2.2/lib/active_record/i18n_interpolation_deprecation.rb:17)


Processing RemindersController#index (for 127.0.0.1 at 2008-12-17 22:50:21) [GET]
  [4;36;1mReminder Load (1.1ms)[0m   [0;1mSELECT * FROM "reminders" [0m
Rendering template within layouts/reminders
Rendering reminders/index
Completed in 20ms (View: 14, DB: 1) | 200 OK [http://localhost/reminders]


Processing RemindersController#new (for 127.0.0.1 at 2008-12-17 22:50:34) [GET]
Rendering template within layouts/reminders
Rendering reminders/new
Completed in 16ms (View: 10, DB: 0) | 200 OK [http://localhost/reminders/new]


Processing RemindersController#index (for 127.0.0.1 at 2008-12-17 22:50:38) [GET]
  [4;35;1mReminder Load (0.8ms)[0m   [0mSELECT * FROM "reminders" [0m
Rendering template within layouts/reminders
Rendering reminders/index
Completed in 84ms (View: 11, DB: 1) | 200 OK [http://localhost/reminders]
